{
  "RSpec": {
    "coverage": {
      "/opt/rails-docker/app/helpers/application_helper.rb": [
        1,
        null
      ],
      "/opt/rails-docker/app/helpers/tasks_helper.rb": [
        1,
        null
      ],
      "/opt/rails-docker/app/controllers/tasks_controller.rb": [
        1,
        1,
        2,
        2,
        null,
        null,
        1,
        2,
        2,
        null,
        null,
        1,
        2,
        2,
        4,
        2,
        null,
        null,
        null,
        1,
        2,
        null,
        1,
        2,
        1,
        null,
        null,
        null,
        1,
        1,
        1,
        null,
        1,
        2,
        1,
        null,
        null,
        null,
        1,
        1,
        null,
        1,
        2,
        1,
        null,
        null,
        null,
        1,
        null,
        1,
        3,
        null,
        null
      ],
      "/opt/rails-docker/app/controllers/application_controller.rb": [
        1,
        1,
        null,
        null,
        null
      ],
      "/opt/rails-docker/app/models/task.rb": [
        1,
        1,
        1,
        1,
        8,
        null,
        null,
        1,
        5,
        null,
        null,
        null
      ],
      "/opt/rails-docker/app/models/application_record.rb": [
        1,
        1,
        null
      ]
    },
    "timestamp": 1483488604
  }
}
